[2016-12-23 13:42:40,128] 361  [restartedMain] DEBUG (PropertySourcesPropertyResolver.java:91) - Could not find key 'spring.profiles.default' in any property source
[2016-12-23 13:42:40,141] 374  [restartedMain] TRACE (PropertySourcesLoader.java:170) - Adding PropertySource: PropertiesPropertySource@1136751777 [name='applicationConfig: [classpath:/application.properties]', properties={logging.config=classpath:log4j2.xml}] in group: applicationConfig: [profile=]
[2016-12-23 13:42:40,142] 375  [restartedMain] DEBUG (MutablePropertySources.java:97) - Adding [applicationConfig: [profile=]] PropertySource with highest search precedence
[2016-12-23 13:42:40,169] 402  [restartedMain] DEBUG (MutablePropertySources.java:109) - Adding [applicationConfigurationProperties] PropertySource with lowest search precedence
[2016-12-23 13:42:40,186] 419  [restartedMain] TRACE (PropertiesConfigurationFactory.java:252) - Property Sources: [servletConfigInitParams,servletContextInitParams,systemProperties,systemEnvironment,random,applicationConfigurationProperties]
[2016-12-23 13:42:40,218] 451  [restartedMain] TRACE (SpringFactoriesLoader.java:89) - Loaded [org.springframework.beans.BeanInfoFactory] names: [org.springframework.beans.ExtendedBeanInfoFactory]
[2016-12-23 13:42:40,220] 453  [restartedMain] TRACE (CachedIntrospectionResults.java:265) - Getting BeanInfo for class [org.springframework.boot.SpringApplication]
[2016-12-23 13:42:40,237] 470  [restartedMain] TRACE (CachedIntrospectionResults.java:284) - Caching PropertyDescriptors for class [org.springframework.boot.SpringApplication]
[2016-12-23 13:42:40,243] 476  [restartedMain] TRACE (CachedIntrospectionResults.java:297) - Found bean property 'addCommandLineProperties' of type [boolean]
[2016-12-23 13:42:40,247] 480  [restartedMain] TRACE (CachedIntrospectionResults.java:297) - Found bean property 'additionalProfiles' of type [[Ljava.lang.String;]
[2016-12-23 13:42:40,248] 481  [restartedMain] TRACE (CachedIntrospectionResults.java:297) - Found bean property 'applicationContextClass' of type [java.lang.Class]
[2016-12-23 13:42:40,249] 482  [restartedMain] TRACE (CachedIntrospectionResults.java:297) - Found bean property 'banner' of type [org.springframework.boot.Banner]
[2016-12-23 13:42:40,249] 482  [restartedMain] TRACE (CachedIntrospectionResults.java:297) - Found bean property 'bannerMode' of type [org.springframework.boot.Banner$Mode]
[2016-12-23 13:42:40,249] 482  [restartedMain] TRACE (CachedIntrospectionResults.java:297) - Found bean property 'beanNameGenerator' of type [org.springframework.beans.factory.support.BeanNameGenerator]
[2016-12-23 13:42:40,249] 482  [restartedMain] TRACE (CachedIntrospectionResults.java:297) - Found bean property 'class' of type [java.lang.Class]
[2016-12-23 13:42:40,250] 483  [restartedMain] TRACE (CachedIntrospectionResults.java:297) - Found bean property 'classLoader' of type [java.lang.ClassLoader]
[2016-12-23 13:42:40,250] 483  [restartedMain] TRACE (CachedIntrospectionResults.java:297) - Found bean property 'defaultProperties' of type [java.util.Properties]
[2016-12-23 13:42:40,251] 484  [restartedMain] TRACE (CachedIntrospectionResults.java:297) - Found bean property 'environment' of type [org.springframework.core.env.ConfigurableEnvironment]
[2016-12-23 13:42:40,251] 484  [restartedMain] TRACE (CachedIntrospectionResults.java:297) - Found bean property 'headless' of type [boolean]
[2016-12-23 13:42:40,251] 484  [restartedMain] TRACE (CachedIntrospectionResults.java:297) - Found bean property 'initializers' of type [java.util.Set]
[2016-12-23 13:42:40,252] 485  [restartedMain] TRACE (CachedIntrospectionResults.java:297) - Found bean property 'listeners' of type [java.util.Set]
[2016-12-23 13:42:40,253] 486  [restartedMain] TRACE (CachedIntrospectionResults.java:297) - Found bean property 'logStartupInfo' of type [boolean]
[2016-12-23 13:42:40,253] 486  [restartedMain] TRACE (CachedIntrospectionResults.java:297) - Found bean property 'mainApplicationClass' of type [java.lang.Class]
[2016-12-23 13:42:40,253] 486  [restartedMain] TRACE (CachedIntrospectionResults.java:297) - Found bean property 'registerShutdownHook' of type [boolean]
[2016-12-23 13:42:40,254] 487  [restartedMain] TRACE (CachedIntrospectionResults.java:297) - Found bean property 'resourceLoader' of type [org.springframework.core.io.ResourceLoader]
[2016-12-23 13:42:40,254] 487  [restartedMain] TRACE (CachedIntrospectionResults.java:297) - Found bean property 'sources' of type [java.util.Set]
[2016-12-23 13:42:40,254] 487  [restartedMain] TRACE (CachedIntrospectionResults.java:297) - Found bean property 'webEnvironment' of type [boolean]
[2016-12-23 13:42:40,358] 591  [restartedMain] DEBUG (MutablePropertySources.java:109) - Adding [refresh] PropertySource with lowest search precedence
[2016-12-23 13:42:40,364] 597  [restartedMain] TRACE (PropertySourcesPropertyResolver.java:78) - Searching for key 'spring.output.ansi.enabled' in [servletConfigInitParams]
[2016-12-23 13:42:40,364] 597  [restartedMain] TRACE (PropertySourcesPropertyResolver.java:78) - Searching for key 'spring.output.ansi.enabled' in [servletContextInitParams]
[2016-12-23 13:42:40,365] 598  [restartedMain] TRACE (PropertySourcesPropertyResolver.java:78) - Searching for key 'spring.output.ansi.enabled' in [systemProperties]
[2016-12-23 13:42:40,365] 598  [restartedMain] DEBUG (PropertySourcesPropertyResolver.java:151) - Found key 'spring.output.ansi.enabled' in [systemProperties] with type [String]
[2016-12-23 13:42:40,385] 618  [restartedMain] TRACE (PropertySourcesPropertyResolver.java:78) - Searching for key 'logging.file' in [servletConfigInitParams]
[2016-12-23 13:42:40,386] 619  [restartedMain] TRACE (PropertySourcesPropertyResolver.java:78) - Searching for key 'logging.file' in [servletContextInitParams]
[2016-12-23 13:42:40,386] 619  [restartedMain] TRACE (PropertySourcesPropertyResolver.java:78) - Searching for key 'logging.file' in [systemProperties]
[2016-12-23 13:42:40,386] 619  [restartedMain] TRACE (PropertySourcesPropertyResolver.java:78) - Searching for key 'logging.file' in [systemEnvironment]
[2016-12-23 13:42:40,387] 620  [restartedMain] TRACE (PropertySourcesPropertyResolver.java:78) - Searching for key 'logging.file' in [random]
[2016-12-23 13:42:40,387] 620  [restartedMain] TRACE (PropertySourcesPropertyResolver.java:78) - Searching for key 'logging.file' in [applicationConfigurationProperties]
[2016-12-23 13:42:40,387] 620  [restartedMain] TRACE (PropertySourcesPropertyResolver.java:78) - Searching for key 'logging.file' in [refresh]
[2016-12-23 13:42:40,387] 620  [restartedMain] DEBUG (PropertySourcesPropertyResolver.java:91) - Could not find key 'logging.file' in any property source
[2016-12-23 13:42:40,387] 620  [restartedMain] TRACE (PropertySourcesPropertyResolver.java:78) - Searching for key 'logging.path' in [servletConfigInitParams]
[2016-12-23 13:42:40,388] 621  [restartedMain] TRACE (PropertySourcesPropertyResolver.java:78) - Searching for key 'logging.path' in [servletContextInitParams]
[2016-12-23 13:42:40,388] 621  [restartedMain] TRACE (PropertySourcesPropertyResolver.java:78) - Searching for key 'logging.path' in [systemProperties]
[2016-12-23 13:42:40,388] 621  [restartedMain] TRACE (PropertySourcesPropertyResolver.java:78) - Searching for key 'logging.path' in [systemEnvironment]
[2016-12-23 13:42:40,388] 621  [restartedMain] TRACE (PropertySourcesPropertyResolver.java:78) - Searching for key 'logging.path' in [random]
[2016-12-23 13:42:40,389] 622  [restartedMain] TRACE (PropertySourcesPropertyResolver.java:78) - Searching for key 'logging.path' in [applicationConfigurationProperties]
[2016-12-23 13:42:40,389] 622  [restartedMain] TRACE (PropertySourcesPropertyResolver.java:78) - Searching for key 'logging.path' in [refresh]
[2016-12-23 13:42:40,389] 622  [restartedMain] DEBUG (PropertySourcesPropertyResolver.java:91) - Could not find key 'logging.path' in any property source
[2016-12-23 13:42:40,389] 622  [restartedMain] TRACE (PropertySourcesPropertyResolver.java:78) - Searching for key 'debug' in [servletConfigInitParams]
[2016-12-23 13:42:40,389] 622  [restartedMain] TRACE (PropertySourcesPropertyResolver.java:78) - Searching for key 'debug' in [servletContextInitParams]
[2016-12-23 13:42:40,390] 623  [restartedMain] TRACE (PropertySourcesPropertyResolver.java:78) - Searching for key 'debug' in [systemProperties]
[2016-12-23 13:42:40,391] 624  [restartedMain] TRACE (PropertySourcesPropertyResolver.java:78) - Searching for key 'debug' in [systemEnvironment]
[2016-12-23 13:42:40,391] 624  [restartedMain] TRACE (PropertySourcesPropertyResolver.java:78) - Searching for key 'debug' in [random]
[2016-12-23 13:42:40,392] 625  [restartedMain] TRACE (PropertySourcesPropertyResolver.java:78) - Searching for key 'debug' in [applicationConfigurationProperties]
[2016-12-23 13:42:40,392] 625  [restartedMain] TRACE (PropertySourcesPropertyResolver.java:78) - Searching for key 'debug' in [refresh]
[2016-12-23 13:42:40,392] 625  [restartedMain] DEBUG (PropertySourcesPropertyResolver.java:91) - Could not find key 'debug' in any property source
[2016-12-23 13:42:40,393] 626  [restartedMain] TRACE (PropertySourcesPropertyResolver.java:78) - Searching for key 'trace' in [servletConfigInitParams]
[2016-12-23 13:42:40,393] 626  [restartedMain] TRACE (PropertySourcesPropertyResolver.java:78) - Searching for key 'trace' in [servletContextInitParams]
[2016-12-23 13:42:40,393] 626  [restartedMain] TRACE (PropertySourcesPropertyResolver.java:78) - Searching for key 'trace' in [systemProperties]
[2016-12-23 13:42:40,393] 626  [restartedMain] TRACE (PropertySourcesPropertyResolver.java:78) - Searching for key 'trace' in [systemEnvironment]
[2016-12-23 13:42:40,393] 626  [restartedMain] TRACE (PropertySourcesPropertyResolver.java:78) - Searching for key 'trace' in [random]
[2016-12-23 13:42:40,394] 627  [restartedMain] TRACE (PropertySourcesPropertyResolver.java:78) - Searching for key 'trace' in [applicationConfigurationProperties]
[2016-12-23 13:42:40,394] 627  [restartedMain] TRACE (PropertySourcesPropertyResolver.java:78) - Searching for key 'trace' in [refresh]
[2016-12-23 13:42:40,394] 627  [restartedMain] DEBUG (PropertySourcesPropertyResolver.java:91) - Could not find key 'trace' in any property source
[2016-12-23 13:42:40,395] 628  [restartedMain] TRACE (PropertySourcesPropertyResolver.java:78) - Searching for key 'logging.config' in [servletConfigInitParams]
[2016-12-23 13:42:40,395] 628  [restartedMain] TRACE (PropertySourcesPropertyResolver.java:78) - Searching for key 'logging.config' in [servletContextInitParams]
[2016-12-23 13:42:40,396] 629  [restartedMain] TRACE (PropertySourcesPropertyResolver.java:78) - Searching for key 'logging.config' in [systemProperties]
[2016-12-23 13:42:40,396] 629  [restartedMain] TRACE (PropertySourcesPropertyResolver.java:78) - Searching for key 'logging.config' in [systemEnvironment]
[2016-12-23 13:42:40,396] 629  [restartedMain] TRACE (PropertySourcesPropertyResolver.java:78) - Searching for key 'logging.config' in [random]
[2016-12-23 13:42:40,397] 630  [restartedMain] TRACE (PropertySourcesPropertyResolver.java:78) - Searching for key 'logging.config' in [applicationConfigurationProperties]
[2016-12-23 13:42:40,398] 631  [restartedMain] DEBUG (PropertySourcesPropertyResolver.java:151) - Found key 'logging.config' in [applicationConfigurationProperties] with type [String]
[2016-12-23 13:42:40,428] 661  [restartedMain] ERROR (SpringApplicationRunListeners.java:86) - Error handling failed
java.lang.NullPointerException
	at org.springframework.boot.context.event.EventPublishingRunListener.finished(EventPublishingRunListener.java:93)
	at org.springframework.boot.SpringApplicationRunListeners.callFinishedListener(SpringApplicationRunListeners.java:79)
	at org.springframework.boot.SpringApplicationRunListeners.finished(SpringApplicationRunListeners.java:72)
	at org.springframework.boot.SpringApplication.handleRunFailure(SpringApplication.java:813)
	at org.springframework.boot.SpringApplication.run(SpringApplication.java:326)
	at org.springframework.boot.SpringApplication.run(SpringApplication.java:1186)
	at org.springframework.boot.SpringApplication.run(SpringApplication.java:1175)
	at trainSimulator.BootApplication.main(BootApplication.java:23)
	at sun.reflect.NativeMethodAccessorImpl.invoke0(Native Method)
	at sun.reflect.NativeMethodAccessorImpl.invoke(NativeMethodAccessorImpl.java:62)
	at sun.reflect.DelegatingMethodAccessorImpl.invoke(DelegatingMethodAccessorImpl.java:43)
	at java.lang.reflect.Method.invoke(Method.java:498)
	at org.springframework.boot.devtools.restart.RestartLauncher.run(RestartLauncher.java:49)
[2016-12-23 13:42:40,433] 666  [restartedMain] ERROR (SpringApplication.java:839) - Application startup failed
java.lang.NoSuchMethodError: org.apache.logging.log4j.core.config.ConfigurationFactory.getConfiguration(Lorg/apache/logging/log4j/core/config/ConfigurationSource;)Lorg/apache/logging/log4j/core/config/Configuration;
	at org.springframework.boot.logging.log4j2.Log4J2LoggingSystem.loadConfiguration(Log4J2LoggingSystem.java:176)
	at org.springframework.boot.logging.log4j2.Log4J2LoggingSystem.loadConfiguration(Log4J2LoggingSystem.java:167)
	at org.springframework.boot.logging.AbstractLoggingSystem.initializeWithSpecificConfig(AbstractLoggingSystem.java:57)
	at org.springframework.boot.logging.AbstractLoggingSystem.initialize(AbstractLoggingSystem.java:47)
	at org.springframework.boot.logging.log4j2.Log4J2LoggingSystem.initialize(Log4J2LoggingSystem.java:148)
	at org.springframework.boot.logging.LoggingApplicationListener.initializeSystem(LoggingApplicationListener.java:304)
	at org.springframework.boot.logging.LoggingApplicationListener.initialize(LoggingApplicationListener.java:272)
	at org.springframework.boot.logging.LoggingApplicationListener.onApplicationEnvironmentPreparedEvent(LoggingApplicationListener.java:235)
	at org.springframework.boot.logging.LoggingApplicationListener.onApplicationEvent(LoggingApplicationListener.java:208)
	at org.springframework.context.event.SimpleApplicationEventMulticaster.invokeListener(SimpleApplicationEventMulticaster.java:166)
	at org.springframework.context.event.SimpleApplicationEventMulticaster.multicastEvent(SimpleApplicationEventMulticaster.java:138)
	at org.springframework.context.event.SimpleApplicationEventMulticaster.multicastEvent(SimpleApplicationEventMulticaster.java:121)
	at org.springframework.boot.context.event.EventPublishingRunListener.environmentPrepared(EventPublishingRunListener.java:68)
	at org.springframework.boot.SpringApplicationRunListeners.environmentPrepared(SpringApplicationRunListeners.java:54)
	at org.springframework.boot.SpringApplication.prepareEnvironment(SpringApplication.java:337)
	at org.springframework.boot.SpringApplication.run(SpringApplication.java:308)
	at org.springframework.boot.SpringApplication.run(SpringApplication.java:1186)
	at org.springframework.boot.SpringApplication.run(SpringApplication.java:1175)
	at trainSimulator.BootApplication.main(BootApplication.java:23)
	at sun.reflect.NativeMethodAccessorImpl.invoke0(Native Method)
	at sun.reflect.NativeMethodAccessorImpl.invoke(NativeMethodAccessorImpl.java:62)
	at sun.reflect.DelegatingMethodAccessorImpl.invoke(DelegatingMethodAccessorImpl.java:43)
	at java.lang.reflect.Method.invoke(Method.java:498)
	at org.springframework.boot.devtools.restart.RestartLauncher.run(RestartLauncher.java:49)
[2016-12-23 13:43:24,468] 0    [restartedMain] DEBUG (MutablePropertySources.java:109) - Adding [servletConfigInitParams] PropertySource with lowest search precedence
[2016-12-23 13:43:24,472] 4    [restartedMain] DEBUG (MutablePropertySources.java:109) - Adding [servletContextInitParams] PropertySource with lowest search precedence
[2016-12-23 13:43:24,477] 9    [restartedMain] DEBUG (MutablePropertySources.java:109) - Adding [systemProperties] PropertySource with lowest search precedence
[2016-12-23 13:43:24,479] 11   [restartedMain] DEBUG (MutablePropertySources.java:109) - Adding [systemEnvironment] PropertySource with lowest search precedence
[2016-12-23 13:43:24,479] 11   [restartedMain] DEBUG (AbstractEnvironment.java:124) - Initialized StandardServletEnvironment with PropertySources [servletConfigInitParams,servletContextInitParams,systemProperties,systemEnvironment]
[2016-12-23 13:43:24,480] 12   [restartedMain] TRACE (PropertySourcesPropertyResolver.java:78) - Searching for key 'spring.profiles.active' in [servletConfigInitParams]
[2016-12-23 13:43:24,480] 12   [restartedMain] TRACE (PropertySourcesPropertyResolver.java:78) - Searching for key 'spring.profiles.active' in [servletContextInitParams]
[2016-12-23 13:43:24,481] 13   [restartedMain] TRACE (PropertySourcesPropertyResolver.java:78) - Searching for key 'spring.profiles.active' in [systemProperties]
[2016-12-23 13:43:24,481] 13   [restartedMain] TRACE (PropertySourcesPropertyResolver.java:78) - Searching for key 'spring.profiles.active' in [systemEnvironment]
[2016-12-23 13:43:24,481] 13   [restartedMain] DEBUG (PropertySourcesPropertyResolver.java:91) - Could not find key 'spring.profiles.active' in any property source
[2016-12-23 13:43:24,482] 14   [restartedMain] TRACE (PropertySourcesPropertyResolver.java:78) - Searching for key 'spring.profiles.active' in [servletConfigInitParams]
[2016-12-23 13:43:24,488] 20   [restartedMain] TRACE (PropertySourcesPropertyResolver.java:78) - Searching for key 'spring.profiles.active' in [servletContextInitParams]
[2016-12-23 13:43:24,488] 20   [restartedMain] TRACE (PropertySourcesPropertyResolver.java:78) - Searching for key 'spring.profiles.active' in [systemProperties]
[2016-12-23 13:43:24,489] 21   [restartedMain] TRACE (PropertySourcesPropertyResolver.java:78) - Searching for key 'spring.profiles.active' in [systemEnvironment]
[2016-12-23 13:43:24,489] 21   [restartedMain] DEBUG (PropertySourcesPropertyResolver.java:91) - Could not find key 'spring.profiles.active' in any property source
[2016-12-23 13:43:24,521] 53   [restartedMain] TRACE (SpringFactoriesLoader.java:89) - Loaded [org.springframework.boot.env.EnvironmentPostProcessor] names: [org.springframework.boot.devtools.env.DevToolsHomePropertiesPostProcessor, org.springframework.boot.devtools.env.DevToolsPropertyDefaultsPostProcessor, org.springframework.boot.cloud.CloudFoundryVcapEnvironmentPostProcessor, org.springframework.boot.env.SpringApplicationJsonEnvironmentPostProcessor]
[2016-12-23 13:43:24,831] 363  [restartedMain] TRACE (PropertySourcesPropertyResolver.java:78) - Searching for key 'SPRING_APPLICATION_JSON:' in [servletConfigInitParams]
[2016-12-23 13:43:24,834] 366  [restartedMain] TRACE (PropertySourcesPropertyResolver.java:78) - Searching for key 'SPRING_APPLICATION_JSON:' in [servletContextInitParams]
[2016-12-23 13:43:24,835] 367  [restartedMain] TRACE (PropertySourcesPropertyResolver.java:78) - Searching for key 'SPRING_APPLICATION_JSON:' in [systemProperties]
[2016-12-23 13:43:24,838] 370  [restartedMain] TRACE (PropertySourcesPropertyResolver.java:78) - Searching for key 'SPRING_APPLICATION_JSON:' in [systemEnvironment]
[2016-12-23 13:43:24,839] 371  [restartedMain] DEBUG (PropertySourcesPropertyResolver.java:91) - Could not find key 'SPRING_APPLICATION_JSON:' in any property source
[2016-12-23 13:43:24,840] 372  [restartedMain] TRACE (PropertySourcesPropertyResolver.java:78) - Searching for key 'SPRING_APPLICATION_JSON' in [servletConfigInitParams]
[2016-12-23 13:43:24,840] 372  [restartedMain] TRACE (PropertySourcesPropertyResolver.java:78) - Searching for key 'SPRING_APPLICATION_JSON' in [servletContextInitParams]
[2016-12-23 13:43:24,841] 373  [restartedMain] TRACE (PropertySourcesPropertyResolver.java:78) - Searching for key 'SPRING_APPLICATION_JSON' in [systemProperties]
[2016-12-23 13:43:24,841] 373  [restartedMain] TRACE (PropertySourcesPropertyResolver.java:78) - Searching for key 'SPRING_APPLICATION_JSON' in [systemEnvironment]
[2016-12-23 13:43:24,842] 374  [restartedMain] DEBUG (PropertySourcesPropertyResolver.java:91) - Could not find key 'SPRING_APPLICATION_JSON' in any property source
[2016-12-23 13:43:24,843] 375  [restartedMain] TRACE (PropertyPlaceholderHelper.java:165) - Resolved placeholder 'SPRING_APPLICATION_JSON:'
[2016-12-23 13:43:24,843] 375  [restartedMain] TRACE (PropertySourcesPropertyResolver.java:78) - Searching for key 'spring.application.json:' in [servletConfigInitParams]
[2016-12-23 13:43:24,844] 376  [restartedMain] TRACE (PropertySourcesPropertyResolver.java:78) - Searching for key 'spring.application.json:' in [servletContextInitParams]
[2016-12-23 13:43:24,845] 377  [restartedMain] TRACE (PropertySourcesPropertyResolver.java:78) - Searching for key 'spring.application.json:' in [systemProperties]
[2016-12-23 13:43:24,845] 377  [restartedMain] TRACE (PropertySourcesPropertyResolver.java:78) - Searching for key 'spring.application.json:' in [systemEnvironment]
[2016-12-23 13:43:24,846] 378  [restartedMain] DEBUG (PropertySourcesPropertyResolver.java:91) - Could not find key 'spring.application.json:' in any property source
[2016-12-23 13:43:24,847] 379  [restartedMain] TRACE (PropertySourcesPropertyResolver.java:78) - Searching for key 'spring.application.json' in [servletConfigInitParams]
[2016-12-23 13:43:24,847] 379  [restartedMain] TRACE (PropertySourcesPropertyResolver.java:78) - Searching for key 'spring.application.json' in [servletContextInitParams]
[2016-12-23 13:43:24,848] 380  [restartedMain] TRACE (PropertySourcesPropertyResolver.java:78) - Searching for key 'spring.application.json' in [systemProperties]
[2016-12-23 13:43:24,848] 380  [restartedMain] TRACE (PropertySourcesPropertyResolver.java:78) - Searching for key 'spring.application.json' in [systemEnvironment]
[2016-12-23 13:43:24,849] 381  [restartedMain] DEBUG (PropertySourcesPropertyResolver.java:91) - Could not find key 'spring.application.json' in any property source
[2016-12-23 13:43:24,849] 381  [restartedMain] TRACE (PropertyPlaceholderHelper.java:165) - Resolved placeholder 'spring.application.json:'
[2016-12-23 13:43:24,852] 384  [restartedMain] DEBUG (MutablePropertySources.java:137) - Adding [random] PropertySource with search precedence immediately lower than [systemEnvironment]
[2016-12-23 13:43:24,852] 384  [restartedMain] TRACE (RandomValuePropertySource.java:143) - RandomValuePropertySource add to Environment
[2016-12-23 13:43:24,866] 398  [restartedMain] TRACE (SpringFactoriesLoader.java:89) - Loaded [org.springframework.boot.env.PropertySourceLoader] names: [org.springframework.boot.env.PropertiesPropertySourceLoader, org.springframework.boot.env.YamlPropertySourceLoader]
[2016-12-23 13:43:24,869] 401  [restartedMain] TRACE (PropertySourcesPropertyResolver.java:78) - Searching for key 'spring.profiles.active' in [servletConfigInitParams]
[2016-12-23 13:43:24,872] 404  [restartedMain] TRACE (PropertySourcesPropertyResolver.java:78) - Searching for key 'spring.profiles.active' in [servletContextInitParams]
[2016-12-23 13:43:24,873] 405  [restartedMain] TRACE (PropertySourcesPropertyResolver.java:78) - Searching for key 'spring.profiles.active' in [systemProperties]
[2016-12-23 13:43:24,873] 405  [restartedMain] TRACE (PropertySourcesPropertyResolver.java:78) - Searching for key 'spring.profiles.active' in [systemEnvironment]
[2016-12-23 13:43:24,874] 406  [restartedMain] TRACE (PropertySourcesPropertyResolver.java:78) - Searching for key 'spring.profiles.active' in [random]
[2016-12-23 13:43:24,874] 406  [restartedMain] DEBUG (PropertySourcesPropertyResolver.java:91) - Could not find key 'spring.profiles.active' in any property source
[2016-12-23 13:43:24,876] 408  [restartedMain] TRACE (PropertySourcesPropertyResolver.java:78) - Searching for key 'spring.profiles.default' in [servletConfigInitParams]
[2016-12-23 13:43:24,877] 409  [restartedMain] TRACE (PropertySourcesPropertyResolver.java:78) - Searching for key 'spring.profiles.default' in [servletContextInitParams]
[2016-12-23 13:43:24,877] 409  [restartedMain] TRACE (PropertySourcesPropertyResolver.java:78) - Searching for key 'spring.profiles.default' in [systemProperties]
[2016-12-23 13:43:24,882] 414  [restartedMain] TRACE (PropertySourcesPropertyResolver.java:78) - Searching for key 'spring.profiles.default' in [systemEnvironment]
[2016-12-23 13:43:24,883] 415  [restartedMain] TRACE (PropertySourcesPropertyResolver.java:78) - Searching for key 'spring.profiles.default' in [random]
[2016-12-23 13:43:24,888] 420  [restartedMain] DEBUG (PropertySourcesPropertyResolver.java:91) - Could not find key 'spring.profiles.default' in any property source
[2016-12-23 13:43:24,902] 434  [restartedMain] TRACE (PropertySourcesLoader.java:170) - Adding PropertySource: PropertiesPropertySource@2107856733 [name='applicationConfig: [classpath:/application.properties]', properties={logging.config=classpath:log4j2.xml}] in group: applicationConfig: [profile=]
[2016-12-23 13:43:24,903] 435  [restartedMain] DEBUG (MutablePropertySources.java:97) - Adding [applicationConfig: [profile=]] PropertySource with highest search precedence
[2016-12-23 13:43:24,925] 457  [restartedMain] DEBUG (MutablePropertySources.java:109) - Adding [applicationConfigurationProperties] PropertySource with lowest search precedence
[2016-12-23 13:43:24,936] 468  [restartedMain] TRACE (PropertiesConfigurationFactory.java:252) - Property Sources: [servletConfigInitParams,servletContextInitParams,systemProperties,systemEnvironment,random,applicationConfigurationProperties]
[2016-12-23 13:43:24,953] 485  [restartedMain] TRACE (SpringFactoriesLoader.java:89) - Loaded [org.springframework.beans.BeanInfoFactory] names: [org.springframework.beans.ExtendedBeanInfoFactory]
[2016-12-23 13:43:24,954] 486  [restartedMain] TRACE (CachedIntrospectionResults.java:265) - Getting BeanInfo for class [org.springframework.boot.SpringApplication]
[2016-12-23 13:43:24,977] 509  [restartedMain] TRACE (CachedIntrospectionResults.java:284) - Caching PropertyDescriptors for class [org.springframework.boot.SpringApplication]
[2016-12-23 13:43:24,977] 509  [restartedMain] TRACE (CachedIntrospectionResults.java:297) - Found bean property 'addCommandLineProperties' of type [boolean]
[2016-12-23 13:43:24,981] 513  [restartedMain] TRACE (CachedIntrospectionResults.java:297) - Found bean property 'additionalProfiles' of type [[Ljava.lang.String;]
[2016-12-23 13:43:24,982] 514  [restartedMain] TRACE (CachedIntrospectionResults.java:297) - Found bean property 'applicationContextClass' of type [java.lang.Class]
[2016-12-23 13:43:24,982] 514  [restartedMain] TRACE (CachedIntrospectionResults.java:297) - Found bean property 'banner' of type [org.springframework.boot.Banner]
[2016-12-23 13:43:24,982] 514  [restartedMain] TRACE (CachedIntrospectionResults.java:297) - Found bean property 'bannerMode' of type [org.springframework.boot.Banner$Mode]
[2016-12-23 13:43:24,983] 515  [restartedMain] TRACE (CachedIntrospectionResults.java:297) - Found bean property 'beanNameGenerator' of type [org.springframework.beans.factory.support.BeanNameGenerator]
[2016-12-23 13:43:24,983] 515  [restartedMain] TRACE (CachedIntrospectionResults.java:297) - Found bean property 'class' of type [java.lang.Class]
[2016-12-23 13:43:24,984] 516  [restartedMain] TRACE (CachedIntrospectionResults.java:297) - Found bean property 'classLoader' of type [java.lang.ClassLoader]
[2016-12-23 13:43:24,984] 516  [restartedMain] TRACE (CachedIntrospectionResults.java:297) - Found bean property 'defaultProperties' of type [java.util.Properties]
[2016-12-23 13:43:24,984] 516  [restartedMain] TRACE (CachedIntrospectionResults.java:297) - Found bean property 'environment' of type [org.springframework.core.env.ConfigurableEnvironment]
[2016-12-23 13:43:24,984] 516  [restartedMain] TRACE (CachedIntrospectionResults.java:297) - Found bean property 'headless' of type [boolean]
[2016-12-23 13:43:24,985] 517  [restartedMain] TRACE (CachedIntrospectionResults.java:297) - Found bean property 'initializers' of type [java.util.Set]
[2016-12-23 13:43:24,985] 517  [restartedMain] TRACE (CachedIntrospectionResults.java:297) - Found bean property 'listeners' of type [java.util.Set]
[2016-12-23 13:43:24,986] 518  [restartedMain] TRACE (CachedIntrospectionResults.java:297) - Found bean property 'logStartupInfo' of type [boolean]
[2016-12-23 13:43:24,986] 518  [restartedMain] TRACE (CachedIntrospectionResults.java:297) - Found bean property 'mainApplicationClass' of type [java.lang.Class]
[2016-12-23 13:43:24,986] 518  [restartedMain] TRACE (CachedIntrospectionResults.java:297) - Found bean property 'registerShutdownHook' of type [boolean]
[2016-12-23 13:43:24,987] 519  [restartedMain] TRACE (CachedIntrospectionResults.java:297) - Found bean property 'resourceLoader' of type [org.springframework.core.io.ResourceLoader]
[2016-12-23 13:43:24,987] 519  [restartedMain] TRACE (CachedIntrospectionResults.java:297) - Found bean property 'sources' of type [java.util.Set]
[2016-12-23 13:43:24,987] 519  [restartedMain] TRACE (CachedIntrospectionResults.java:297) - Found bean property 'webEnvironment' of type [boolean]
[2016-12-23 13:43:25,105] 637  [restartedMain] DEBUG (MutablePropertySources.java:109) - Adding [refresh] PropertySource with lowest search precedence
[2016-12-23 13:43:25,114] 646  [restartedMain] TRACE (PropertySourcesPropertyResolver.java:78) - Searching for key 'spring.output.ansi.enabled' in [servletConfigInitParams]
[2016-12-23 13:43:25,114] 646  [restartedMain] TRACE (PropertySourcesPropertyResolver.java:78) - Searching for key 'spring.output.ansi.enabled' in [servletContextInitParams]
[2016-12-23 13:43:25,114] 646  [restartedMain] TRACE (PropertySourcesPropertyResolver.java:78) - Searching for key 'spring.output.ansi.enabled' in [systemProperties]
[2016-12-23 13:43:25,115] 647  [restartedMain] DEBUG (PropertySourcesPropertyResolver.java:151) - Found key 'spring.output.ansi.enabled' in [systemProperties] with type [String]
[2016-12-23 13:43:25,144] 676  [restartedMain] TRACE (PropertySourcesPropertyResolver.java:78) - Searching for key 'logging.file' in [servletConfigInitParams]
[2016-12-23 13:43:25,146] 678  [restartedMain] TRACE (PropertySourcesPropertyResolver.java:78) - Searching for key 'logging.file' in [servletContextInitParams]
[2016-12-23 13:43:25,146] 678  [restartedMain] TRACE (PropertySourcesPropertyResolver.java:78) - Searching for key 'logging.file' in [systemProperties]
[2016-12-23 13:43:25,146] 678  [restartedMain] TRACE (PropertySourcesPropertyResolver.java:78) - Searching for key 'logging.file' in [systemEnvironment]
[2016-12-23 13:43:25,147] 679  [restartedMain] TRACE (PropertySourcesPropertyResolver.java:78) - Searching for key 'logging.file' in [random]
[2016-12-23 13:43:25,147] 679  [restartedMain] TRACE (PropertySourcesPropertyResolver.java:78) - Searching for key 'logging.file' in [applicationConfigurationProperties]
[2016-12-23 13:43:25,147] 679  [restartedMain] TRACE (PropertySourcesPropertyResolver.java:78) - Searching for key 'logging.file' in [refresh]
[2016-12-23 13:43:25,147] 679  [restartedMain] DEBUG (PropertySourcesPropertyResolver.java:91) - Could not find key 'logging.file' in any property source
[2016-12-23 13:43:25,148] 680  [restartedMain] TRACE (PropertySourcesPropertyResolver.java:78) - Searching for key 'logging.path' in [servletConfigInitParams]
[2016-12-23 13:43:25,148] 680  [restartedMain] TRACE (PropertySourcesPropertyResolver.java:78) - Searching for key 'logging.path' in [servletContextInitParams]
[2016-12-23 13:43:25,148] 680  [restartedMain] TRACE (PropertySourcesPropertyResolver.java:78) - Searching for key 'logging.path' in [systemProperties]
[2016-12-23 13:43:25,148] 680  [restartedMain] TRACE (PropertySourcesPropertyResolver.java:78) - Searching for key 'logging.path' in [systemEnvironment]
[2016-12-23 13:43:25,148] 680  [restartedMain] TRACE (PropertySourcesPropertyResolver.java:78) - Searching for key 'logging.path' in [random]
[2016-12-23 13:43:25,149] 681  [restartedMain] TRACE (PropertySourcesPropertyResolver.java:78) - Searching for key 'logging.path' in [applicationConfigurationProperties]
[2016-12-23 13:43:25,149] 681  [restartedMain] TRACE (PropertySourcesPropertyResolver.java:78) - Searching for key 'logging.path' in [refresh]
[2016-12-23 13:43:25,149] 681  [restartedMain] DEBUG (PropertySourcesPropertyResolver.java:91) - Could not find key 'logging.path' in any property source
[2016-12-23 13:43:25,149] 681  [restartedMain] TRACE (PropertySourcesPropertyResolver.java:78) - Searching for key 'debug' in [servletConfigInitParams]
[2016-12-23 13:43:25,150] 682  [restartedMain] TRACE (PropertySourcesPropertyResolver.java:78) - Searching for key 'debug' in [servletContextInitParams]
[2016-12-23 13:43:25,150] 682  [restartedMain] TRACE (PropertySourcesPropertyResolver.java:78) - Searching for key 'debug' in [systemProperties]
[2016-12-23 13:43:25,150] 682  [restartedMain] TRACE (PropertySourcesPropertyResolver.java:78) - Searching for key 'debug' in [systemEnvironment]
[2016-12-23 13:43:25,150] 682  [restartedMain] TRACE (PropertySourcesPropertyResolver.java:78) - Searching for key 'debug' in [random]
[2016-12-23 13:43:25,150] 682  [restartedMain] TRACE (PropertySourcesPropertyResolver.java:78) - Searching for key 'debug' in [applicationConfigurationProperties]
[2016-12-23 13:43:25,151] 683  [restartedMain] TRACE (PropertySourcesPropertyResolver.java:78) - Searching for key 'debug' in [refresh]
[2016-12-23 13:43:25,151] 683  [restartedMain] DEBUG (PropertySourcesPropertyResolver.java:91) - Could not find key 'debug' in any property source
[2016-12-23 13:43:25,151] 683  [restartedMain] TRACE (PropertySourcesPropertyResolver.java:78) - Searching for key 'trace' in [servletConfigInitParams]
[2016-12-23 13:43:25,151] 683  [restartedMain] TRACE (PropertySourcesPropertyResolver.java:78) - Searching for key 'trace' in [servletContextInitParams]
[2016-12-23 13:43:25,151] 683  [restartedMain] TRACE (PropertySourcesPropertyResolver.java:78) - Searching for key 'trace' in [systemProperties]
[2016-12-23 13:43:25,151] 683  [restartedMain] TRACE (PropertySourcesPropertyResolver.java:78) - Searching for key 'trace' in [systemEnvironment]
[2016-12-23 13:43:25,152] 684  [restartedMain] TRACE (PropertySourcesPropertyResolver.java:78) - Searching for key 'trace' in [random]
[2016-12-23 13:43:25,152] 684  [restartedMain] TRACE (PropertySourcesPropertyResolver.java:78) - Searching for key 'trace' in [applicationConfigurationProperties]
[2016-12-23 13:43:25,152] 684  [restartedMain] TRACE (PropertySourcesPropertyResolver.java:78) - Searching for key 'trace' in [refresh]
[2016-12-23 13:43:25,152] 684  [restartedMain] DEBUG (PropertySourcesPropertyResolver.java:91) - Could not find key 'trace' in any property source
[2016-12-23 13:43:25,153] 685  [restartedMain] TRACE (PropertySourcesPropertyResolver.java:78) - Searching for key 'logging.config' in [servletConfigInitParams]
[2016-12-23 13:43:25,154] 686  [restartedMain] TRACE (PropertySourcesPropertyResolver.java:78) - Searching for key 'logging.config' in [servletContextInitParams]
[2016-12-23 13:43:25,154] 686  [restartedMain] TRACE (PropertySourcesPropertyResolver.java:78) - Searching for key 'logging.config' in [systemProperties]
[2016-12-23 13:43:25,155] 687  [restartedMain] TRACE (PropertySourcesPropertyResolver.java:78) - Searching for key 'logging.config' in [systemEnvironment]
[2016-12-23 13:43:25,155] 687  [restartedMain] TRACE (PropertySourcesPropertyResolver.java:78) - Searching for key 'logging.config' in [random]
[2016-12-23 13:43:25,155] 687  [restartedMain] TRACE (PropertySourcesPropertyResolver.java:78) - Searching for key 'logging.config' in [applicationConfigurationProperties]
[2016-12-23 13:43:25,155] 687  [restartedMain] DEBUG (PropertySourcesPropertyResolver.java:151) - Found key 'logging.config' in [applicationConfigurationProperties] with type [String]
[2016-12-23 13:43:25,173] 705  [restartedMain] ERROR (SpringApplicationRunListeners.java:86) - Error handling failed
java.lang.NullPointerException
	at org.springframework.boot.context.event.EventPublishingRunListener.finished(EventPublishingRunListener.java:93)
	at org.springframework.boot.SpringApplicationRunListeners.callFinishedListener(SpringApplicationRunListeners.java:79)
	at org.springframework.boot.SpringApplicationRunListeners.finished(SpringApplicationRunListeners.java:72)
	at org.springframework.boot.SpringApplication.handleRunFailure(SpringApplication.java:813)
	at org.springframework.boot.SpringApplication.run(SpringApplication.java:326)
	at org.springframework.boot.SpringApplication.run(SpringApplication.java:1186)
	at org.springframework.boot.SpringApplication.run(SpringApplication.java:1175)
	at trainSimulator.BootApplication.main(BootApplication.java:23)
	at sun.reflect.NativeMethodAccessorImpl.invoke0(Native Method)
	at sun.reflect.NativeMethodAccessorImpl.invoke(NativeMethodAccessorImpl.java:62)
	at sun.reflect.DelegatingMethodAccessorImpl.invoke(DelegatingMethodAccessorImpl.java:43)
	at java.lang.reflect.Method.invoke(Method.java:498)
	at org.springframework.boot.devtools.restart.RestartLauncher.run(RestartLauncher.java:49)
[2016-12-23 13:43:25,184] 716  [restartedMain] ERROR (SpringApplication.java:839) - Application startup failed
java.lang.NoSuchMethodError: org.apache.logging.log4j.core.config.ConfigurationFactory.getConfiguration(Lorg/apache/logging/log4j/core/config/ConfigurationSource;)Lorg/apache/logging/log4j/core/config/Configuration;
	at org.springframework.boot.logging.log4j2.Log4J2LoggingSystem.loadConfiguration(Log4J2LoggingSystem.java:176)
	at org.springframework.boot.logging.log4j2.Log4J2LoggingSystem.loadConfiguration(Log4J2LoggingSystem.java:167)
	at org.springframework.boot.logging.AbstractLoggingSystem.initializeWithSpecificConfig(AbstractLoggingSystem.java:57)
	at org.springframework.boot.logging.AbstractLoggingSystem.initialize(AbstractLoggingSystem.java:47)
	at org.springframework.boot.logging.log4j2.Log4J2LoggingSystem.initialize(Log4J2LoggingSystem.java:148)
	at org.springframework.boot.logging.LoggingApplicationListener.initializeSystem(LoggingApplicationListener.java:304)
	at org.springframework.boot.logging.LoggingApplicationListener.initialize(LoggingApplicationListener.java:272)
	at org.springframework.boot.logging.LoggingApplicationListener.onApplicationEnvironmentPreparedEvent(LoggingApplicationListener.java:235)
	at org.springframework.boot.logging.LoggingApplicationListener.onApplicationEvent(LoggingApplicationListener.java:208)
	at org.springframework.context.event.SimpleApplicationEventMulticaster.invokeListener(SimpleApplicationEventMulticaster.java:166)
	at org.springframework.context.event.SimpleApplicationEventMulticaster.multicastEvent(SimpleApplicationEventMulticaster.java:138)
	at org.springframework.context.event.SimpleApplicationEventMulticaster.multicastEvent(SimpleApplicationEventMulticaster.java:121)
	at org.springframework.boot.context.event.EventPublishingRunListener.environmentPrepared(EventPublishingRunListener.java:68)
	at org.springframework.boot.SpringApplicationRunListeners.environmentPrepared(SpringApplicationRunListeners.java:54)
	at org.springframework.boot.SpringApplication.prepareEnvironment(SpringApplication.java:337)
	at org.springframework.boot.SpringApplication.run(SpringApplication.java:308)
	at org.springframework.boot.SpringApplication.run(SpringApplication.java:1186)
	at org.springframework.boot.SpringApplication.run(SpringApplication.java:1175)
	at trainSimulator.BootApplication.main(BootApplication.java:23)
	at sun.reflect.NativeMethodAccessorImpl.invoke0(Native Method)
	at sun.reflect.NativeMethodAccessorImpl.invoke(NativeMethodAccessorImpl.java:62)
	at sun.reflect.DelegatingMethodAccessorImpl.invoke(DelegatingMethodAccessorImpl.java:43)
	at java.lang.reflect.Method.invoke(Method.java:498)
	at org.springframework.boot.devtools.restart.RestartLauncher.run(RestartLauncher.java:49)
[2016-12-23 13:44:34,086] 0    [restartedMain] DEBUG (MutablePropertySources.java:109) - Adding [servletConfigInitParams] PropertySource with lowest search precedence
[2016-12-23 13:44:34,090] 4    [restartedMain] DEBUG (MutablePropertySources.java:109) - Adding [servletContextInitParams] PropertySource with lowest search precedence
[2016-12-23 13:44:34,095] 9    [restartedMain] DEBUG (MutablePropertySources.java:109) - Adding [systemProperties] PropertySource with lowest search precedence
[2016-12-23 13:44:34,097] 11   [restartedMain] DEBUG (MutablePropertySources.java:109) - Adding [systemEnvironment] PropertySource with lowest search precedence
[2016-12-23 13:44:34,098] 12   [restartedMain] DEBUG (AbstractEnvironment.java:124) - Initialized StandardServletEnvironment with PropertySources [servletConfigInitParams,servletContextInitParams,systemProperties,systemEnvironment]
[2016-12-23 13:44:34,103] 17   [restartedMain] TRACE (PropertySourcesPropertyResolver.java:78) - Searching for key 'spring.profiles.active' in [servletConfigInitParams]
[2016-12-23 13:44:34,104] 18   [restartedMain] TRACE (PropertySourcesPropertyResolver.java:78) - Searching for key 'spring.profiles.active' in [servletContextInitParams]
[2016-12-23 13:44:34,105] 19   [restartedMain] TRACE (PropertySourcesPropertyResolver.java:78) - Searching for key 'spring.profiles.active' in [systemProperties]
[2016-12-23 13:44:34,105] 19   [restartedMain] TRACE (PropertySourcesPropertyResolver.java:78) - Searching for key 'spring.profiles.active' in [systemEnvironment]
[2016-12-23 13:44:34,107] 21   [restartedMain] DEBUG (PropertySourcesPropertyResolver.java:91) - Could not find key 'spring.profiles.active' in any property source
[2016-12-23 13:44:34,107] 21   [restartedMain] TRACE (PropertySourcesPropertyResolver.java:78) - Searching for key 'spring.profiles.active' in [servletConfigInitParams]
[2016-12-23 13:44:34,107] 21   [restartedMain] TRACE (PropertySourcesPropertyResolver.java:78) - Searching for key 'spring.profiles.active' in [servletContextInitParams]
[2016-12-23 13:44:34,108] 22   [restartedMain] TRACE (PropertySourcesPropertyResolver.java:78) - Searching for key 'spring.profiles.active' in [systemProperties]
[2016-12-23 13:44:34,109] 23   [restartedMain] TRACE (PropertySourcesPropertyResolver.java:78) - Searching for key 'spring.profiles.active' in [systemEnvironment]
[2016-12-23 13:44:34,109] 23   [restartedMain] DEBUG (PropertySourcesPropertyResolver.java:91) - Could not find key 'spring.profiles.active' in any property source
[2016-12-23 13:44:34,119] 33   [restartedMain] TRACE (SpringFactoriesLoader.java:89) - Loaded [org.springframework.boot.env.EnvironmentPostProcessor] names: [org.springframework.boot.devtools.env.DevToolsHomePropertiesPostProcessor, org.springframework.boot.devtools.env.DevToolsPropertyDefaultsPostProcessor, org.springframework.boot.cloud.CloudFoundryVcapEnvironmentPostProcessor, org.springframework.boot.env.SpringApplicationJsonEnvironmentPostProcessor]
[2016-12-23 13:44:34,516] 430  [restartedMain] TRACE (PropertySourcesPropertyResolver.java:78) - Searching for key 'SPRING_APPLICATION_JSON:' in [servletConfigInitParams]
[2016-12-23 13:44:34,516] 430  [restartedMain] TRACE (PropertySourcesPropertyResolver.java:78) - Searching for key 'SPRING_APPLICATION_JSON:' in [servletContextInitParams]
[2016-12-23 13:44:34,517] 431  [restartedMain] TRACE (PropertySourcesPropertyResolver.java:78) - Searching for key 'SPRING_APPLICATION_JSON:' in [systemProperties]
[2016-12-23 13:44:34,520] 434  [restartedMain] TRACE (PropertySourcesPropertyResolver.java:78) - Searching for key 'SPRING_APPLICATION_JSON:' in [systemEnvironment]
[2016-12-23 13:44:34,520] 434  [restartedMain] DEBUG (PropertySourcesPropertyResolver.java:91) - Could not find key 'SPRING_APPLICATION_JSON:' in any property source
[2016-12-23 13:44:34,522] 436  [restartedMain] TRACE (PropertySourcesPropertyResolver.java:78) - Searching for key 'SPRING_APPLICATION_JSON' in [servletConfigInitParams]
[2016-12-23 13:44:34,522] 436  [restartedMain] TRACE (PropertySourcesPropertyResolver.java:78) - Searching for key 'SPRING_APPLICATION_JSON' in [servletContextInitParams]
[2016-12-23 13:44:34,522] 436  [restartedMain] TRACE (PropertySourcesPropertyResolver.java:78) - Searching for key 'SPRING_APPLICATION_JSON' in [systemProperties]
[2016-12-23 13:44:34,523] 437  [restartedMain] TRACE (PropertySourcesPropertyResolver.java:78) - Searching for key 'SPRING_APPLICATION_JSON' in [systemEnvironment]
[2016-12-23 13:44:34,523] 437  [restartedMain] DEBUG (PropertySourcesPropertyResolver.java:91) - Could not find key 'SPRING_APPLICATION_JSON' in any property source
[2016-12-23 13:44:34,524] 438  [restartedMain] TRACE (PropertyPlaceholderHelper.java:165) - Resolved placeholder 'SPRING_APPLICATION_JSON:'
[2016-12-23 13:44:34,524] 438  [restartedMain] TRACE (PropertySourcesPropertyResolver.java:78) - Searching for key 'spring.application.json:' in [servletConfigInitParams]
[2016-12-23 13:44:34,525] 439  [restartedMain] TRACE (PropertySourcesPropertyResolver.java:78) - Searching for key 'spring.application.json:' in [servletContextInitParams]
[2016-12-23 13:44:34,532] 446  [restartedMain] TRACE (PropertySourcesPropertyResolver.java:78) - Searching for key 'spring.application.json:' in [systemProperties]
[2016-12-23 13:44:34,532] 446  [restartedMain] TRACE (PropertySourcesPropertyResolver.java:78) - Searching for key 'spring.application.json:' in [systemEnvironment]
[2016-12-23 13:44:34,532] 446  [restartedMain] DEBUG (PropertySourcesPropertyResolver.java:91) - Could not find key 'spring.application.json:' in any property source
[2016-12-23 13:44:34,533] 447  [restartedMain] TRACE (PropertySourcesPropertyResolver.java:78) - Searching for key 'spring.application.json' in [servletConfigInitParams]
[2016-12-23 13:44:34,533] 447  [restartedMain] TRACE (PropertySourcesPropertyResolver.java:78) - Searching for key 'spring.application.json' in [servletContextInitParams]
[2016-12-23 13:44:34,533] 447  [restartedMain] TRACE (PropertySourcesPropertyResolver.java:78) - Searching for key 'spring.application.json' in [systemProperties]
[2016-12-23 13:44:34,534] 448  [restartedMain] TRACE (PropertySourcesPropertyResolver.java:78) - Searching for key 'spring.application.json' in [systemEnvironment]
[2016-12-23 13:44:34,534] 448  [restartedMain] DEBUG (PropertySourcesPropertyResolver.java:91) - Could not find key 'spring.application.json' in any property source
[2016-12-23 13:44:34,534] 448  [restartedMain] TRACE (PropertyPlaceholderHelper.java:165) - Resolved placeholder 'spring.application.json:'
[2016-12-23 13:44:34,539] 453  [restartedMain] DEBUG (MutablePropertySources.java:137) - Adding [random] PropertySource with search precedence immediately lower than [systemEnvironment]
[2016-12-23 13:44:34,540] 454  [restartedMain] TRACE (RandomValuePropertySource.java:143) - RandomValuePropertySource add to Environment
[2016-12-23 13:44:34,576] 490  [restartedMain] TRACE (SpringFactoriesLoader.java:89) - Loaded [org.springframework.boot.env.PropertySourceLoader] names: [org.springframework.boot.env.PropertiesPropertySourceLoader, org.springframework.boot.env.YamlPropertySourceLoader]
[2016-12-23 13:44:34,580] 494  [restartedMain] TRACE (PropertySourcesPropertyResolver.java:78) - Searching for key 'spring.profiles.active' in [servletConfigInitParams]
[2016-12-23 13:44:34,582] 496  [restartedMain] TRACE (PropertySourcesPropertyResolver.java:78) - Searching for key 'spring.profiles.active' in [servletContextInitParams]
[2016-12-23 13:44:34,582] 496  [restartedMain] TRACE (PropertySourcesPropertyResolver.java:78) - Searching for key 'spring.profiles.active' in [systemProperties]
[2016-12-23 13:44:34,582] 496  [restartedMain] TRACE (PropertySourcesPropertyResolver.java:78) - Searching for key 'spring.profiles.active' in [systemEnvironment]
[2016-12-23 13:44:34,583] 497  [restartedMain] TRACE (PropertySourcesPropertyResolver.java:78) - Searching for key 'spring.profiles.active' in [random]
[2016-12-23 13:44:34,592] 506  [restartedMain] DEBUG (PropertySourcesPropertyResolver.java:91) - Could not find key 'spring.profiles.active' in any property source
[2016-12-23 13:44:34,593] 507  [restartedMain] TRACE (PropertySourcesPropertyResolver.java:78) - Searching for key 'spring.profiles.default' in [servletConfigInitParams]
[2016-12-23 13:44:34,593] 507  [restartedMain] TRACE (PropertySourcesPropertyResolver.java:78) - Searching for key 'spring.profiles.default' in [servletContextInitParams]
[2016-12-23 13:44:34,594] 508  [restartedMain] TRACE (PropertySourcesPropertyResolver.java:78) - Searching for key 'spring.profiles.default' in [systemProperties]
[2016-12-23 13:44:34,598] 512  [restartedMain] TRACE (PropertySourcesPropertyResolver.java:78) - Searching for key 'spring.profiles.default' in [systemEnvironment]
[2016-12-23 13:44:34,599] 513  [restartedMain] TRACE (PropertySourcesPropertyResolver.java:78) - Searching for key 'spring.profiles.default' in [random]
[2016-12-23 13:44:34,600] 514  [restartedMain] DEBUG (PropertySourcesPropertyResolver.java:91) - Could not find key 'spring.profiles.default' in any property source
[2016-12-23 13:44:34,615] 529  [restartedMain] TRACE (PropertySourcesLoader.java:170) - Adding PropertySource: PropertiesPropertySource@779072645 [name='applicationConfig: [classpath:/application.properties]', properties={logging.config=classpath:log4j2.xml}] in group: applicationConfig: [profile=]
[2016-12-23 13:44:34,616] 530  [restartedMain] DEBUG (MutablePropertySources.java:97) - Adding [applicationConfig: [profile=]] PropertySource with highest search precedence
[2016-12-23 13:44:34,652] 566  [restartedMain] DEBUG (MutablePropertySources.java:109) - Adding [applicationConfigurationProperties] PropertySource with lowest search precedence
[2016-12-23 13:44:34,669] 583  [restartedMain] TRACE (PropertiesConfigurationFactory.java:252) - Property Sources: [servletConfigInitParams,servletContextInitParams,systemProperties,systemEnvironment,random,applicationConfigurationProperties]
[2016-12-23 13:44:34,703] 617  [restartedMain] TRACE (SpringFactoriesLoader.java:89) - Loaded [org.springframework.beans.BeanInfoFactory] names: [org.springframework.beans.ExtendedBeanInfoFactory]
[2016-12-23 13:44:34,709] 623  [restartedMain] TRACE (CachedIntrospectionResults.java:265) - Getting BeanInfo for class [org.springframework.boot.SpringApplication]
[2016-12-23 13:44:34,732] 646  [restartedMain] TRACE (CachedIntrospectionResults.java:284) - Caching PropertyDescriptors for class [org.springframework.boot.SpringApplication]
[2016-12-23 13:44:34,733] 647  [restartedMain] TRACE (CachedIntrospectionResults.java:297) - Found bean property 'addCommandLineProperties' of type [boolean]
[2016-12-23 13:44:34,756] 670  [restartedMain] TRACE (CachedIntrospectionResults.java:297) - Found bean property 'additionalProfiles' of type [[Ljava.lang.String;]
[2016-12-23 13:44:34,757] 671  [restartedMain] TRACE (CachedIntrospectionResults.java:297) - Found bean property 'applicationContextClass' of type [java.lang.Class]
[2016-12-23 13:44:34,757] 671  [restartedMain] TRACE (CachedIntrospectionResults.java:297) - Found bean property 'banner' of type [org.springframework.boot.Banner]
[2016-12-23 13:44:34,763] 677  [restartedMain] TRACE (CachedIntrospectionResults.java:297) - Found bean property 'bannerMode' of type [org.springframework.boot.Banner$Mode]
[2016-12-23 13:44:34,767] 681  [restartedMain] TRACE (CachedIntrospectionResults.java:297) - Found bean property 'beanNameGenerator' of type [org.springframework.beans.factory.support.BeanNameGenerator]
[2016-12-23 13:44:34,767] 681  [restartedMain] TRACE (CachedIntrospectionResults.java:297) - Found bean property 'class' of type [java.lang.Class]
[2016-12-23 13:44:34,768] 682  [restartedMain] TRACE (CachedIntrospectionResults.java:297) - Found bean property 'classLoader' of type [java.lang.ClassLoader]
[2016-12-23 13:44:34,772] 686  [restartedMain] TRACE (CachedIntrospectionResults.java:297) - Found bean property 'defaultProperties' of type [java.util.Properties]
[2016-12-23 13:44:34,773] 687  [restartedMain] TRACE (CachedIntrospectionResults.java:297) - Found bean property 'environment' of type [org.springframework.core.env.ConfigurableEnvironment]
[2016-12-23 13:44:34,773] 687  [restartedMain] TRACE (CachedIntrospectionResults.java:297) - Found bean property 'headless' of type [boolean]
[2016-12-23 13:44:34,773] 687  [restartedMain] TRACE (CachedIntrospectionResults.java:297) - Found bean property 'initializers' of type [java.util.Set]
[2016-12-23 13:44:34,784] 698  [restartedMain] TRACE (CachedIntrospectionResults.java:297) - Found bean property 'listeners' of type [java.util.Set]
[2016-12-23 13:44:34,789] 703  [restartedMain] TRACE (CachedIntrospectionResults.java:297) - Found bean property 'logStartupInfo' of type [boolean]
[2016-12-23 13:44:34,790] 704  [restartedMain] TRACE (CachedIntrospectionResults.java:297) - Found bean property 'mainApplicationClass' of type [java.lang.Class]
[2016-12-23 13:44:34,790] 704  [restartedMain] TRACE (CachedIntrospectionResults.java:297) - Found bean property 'registerShutdownHook' of type [boolean]
[2016-12-23 13:44:34,790] 704  [restartedMain] TRACE (CachedIntrospectionResults.java:297) - Found bean property 'resourceLoader' of type [org.springframework.core.io.ResourceLoader]
[2016-12-23 13:44:34,790] 704  [restartedMain] TRACE (CachedIntrospectionResults.java:297) - Found bean property 'sources' of type [java.util.Set]
[2016-12-23 13:44:34,793] 707  [restartedMain] TRACE (CachedIntrospectionResults.java:297) - Found bean property 'webEnvironment' of type [boolean]
[2016-12-23 13:44:34,954] 868  [restartedMain] DEBUG (MutablePropertySources.java:109) - Adding [refresh] PropertySource with lowest search precedence
[2016-12-23 13:44:34,968] 882  [restartedMain] TRACE (PropertySourcesPropertyResolver.java:78) - Searching for key 'spring.output.ansi.enabled' in [servletConfigInitParams]
[2016-12-23 13:44:34,968] 882  [restartedMain] TRACE (PropertySourcesPropertyResolver.java:78) - Searching for key 'spring.output.ansi.enabled' in [servletContextInitParams]
[2016-12-23 13:44:34,971] 885  [restartedMain] TRACE (PropertySourcesPropertyResolver.java:78) - Searching for key 'spring.output.ansi.enabled' in [systemProperties]
[2016-12-23 13:44:34,974] 888  [restartedMain] DEBUG (PropertySourcesPropertyResolver.java:151) - Found key 'spring.output.ansi.enabled' in [systemProperties] with type [String]
[2016-12-23 13:44:35,011] 925  [restartedMain] TRACE (PropertySourcesPropertyResolver.java:78) - Searching for key 'logging.file' in [servletConfigInitParams]
[2016-12-23 13:44:35,011] 925  [restartedMain] TRACE (PropertySourcesPropertyResolver.java:78) - Searching for key 'logging.file' in [servletContextInitParams]
[2016-12-23 13:44:35,012] 926  [restartedMain] TRACE (PropertySourcesPropertyResolver.java:78) - Searching for key 'logging.file' in [systemProperties]
[2016-12-23 13:44:35,012] 926  [restartedMain] TRACE (PropertySourcesPropertyResolver.java:78) - Searching for key 'logging.file' in [systemEnvironment]
[2016-12-23 13:44:35,012] 926  [restartedMain] TRACE (PropertySourcesPropertyResolver.java:78) - Searching for key 'logging.file' in [random]
[2016-12-23 13:44:35,013] 927  [restartedMain] TRACE (PropertySourcesPropertyResolver.java:78) - Searching for key 'logging.file' in [applicationConfigurationProperties]
[2016-12-23 13:44:35,013] 927  [restartedMain] TRACE (PropertySourcesPropertyResolver.java:78) - Searching for key 'logging.file' in [refresh]
[2016-12-23 13:44:35,013] 927  [restartedMain] DEBUG (PropertySourcesPropertyResolver.java:91) - Could not find key 'logging.file' in any property source
[2016-12-23 13:44:35,014] 928  [restartedMain] TRACE (PropertySourcesPropertyResolver.java:78) - Searching for key 'logging.path' in [servletConfigInitParams]
[2016-12-23 13:44:35,014] 928  [restartedMain] TRACE (PropertySourcesPropertyResolver.java:78) - Searching for key 'logging.path' in [servletContextInitParams]
[2016-12-23 13:44:35,015] 929  [restartedMain] TRACE (PropertySourcesPropertyResolver.java:78) - Searching for key 'logging.path' in [systemProperties]
[2016-12-23 13:44:35,016] 930  [restartedMain] TRACE (PropertySourcesPropertyResolver.java:78) - Searching for key 'logging.path' in [systemEnvironment]
[2016-12-23 13:44:35,016] 930  [restartedMain] TRACE (PropertySourcesPropertyResolver.java:78) - Searching for key 'logging.path' in [random]
[2016-12-23 13:44:35,016] 930  [restartedMain] TRACE (PropertySourcesPropertyResolver.java:78) - Searching for key 'logging.path' in [applicationConfigurationProperties]
[2016-12-23 13:44:35,016] 930  [restartedMain] TRACE (PropertySourcesPropertyResolver.java:78) - Searching for key 'logging.path' in [refresh]
[2016-12-23 13:44:35,017] 931  [restartedMain] DEBUG (PropertySourcesPropertyResolver.java:91) - Could not find key 'logging.path' in any property source
[2016-12-23 13:44:35,017] 931  [restartedMain] TRACE (PropertySourcesPropertyResolver.java:78) - Searching for key 'debug' in [servletConfigInitParams]
[2016-12-23 13:44:35,017] 931  [restartedMain] TRACE (PropertySourcesPropertyResolver.java:78) - Searching for key 'debug' in [servletContextInitParams]
[2016-12-23 13:44:35,017] 931  [restartedMain] TRACE (PropertySourcesPropertyResolver.java:78) - Searching for key 'debug' in [systemProperties]
[2016-12-23 13:44:35,018] 932  [restartedMain] TRACE (PropertySourcesPropertyResolver.java:78) - Searching for key 'debug' in [systemEnvironment]
[2016-12-23 13:44:35,018] 932  [restartedMain] TRACE (PropertySourcesPropertyResolver.java:78) - Searching for key 'debug' in [random]
[2016-12-23 13:44:35,019] 933  [restartedMain] TRACE (PropertySourcesPropertyResolver.java:78) - Searching for key 'debug' in [applicationConfigurationProperties]
[2016-12-23 13:44:35,019] 933  [restartedMain] TRACE (PropertySourcesPropertyResolver.java:78) - Searching for key 'debug' in [refresh]
[2016-12-23 13:44:35,020] 934  [restartedMain] DEBUG (PropertySourcesPropertyResolver.java:91) - Could not find key 'debug' in any property source
[2016-12-23 13:44:35,020] 934  [restartedMain] TRACE (PropertySourcesPropertyResolver.java:78) - Searching for key 'trace' in [servletConfigInitParams]
[2016-12-23 13:44:35,021] 935  [restartedMain] TRACE (PropertySourcesPropertyResolver.java:78) - Searching for key 'trace' in [servletContextInitParams]
[2016-12-23 13:44:35,022] 936  [restartedMain] TRACE (PropertySourcesPropertyResolver.java:78) - Searching for key 'trace' in [systemProperties]
[2016-12-23 13:44:35,023] 937  [restartedMain] TRACE (PropertySourcesPropertyResolver.java:78) - Searching for key 'trace' in [systemEnvironment]
[2016-12-23 13:44:35,023] 937  [restartedMain] TRACE (PropertySourcesPropertyResolver.java:78) - Searching for key 'trace' in [random]
[2016-12-23 13:44:35,024] 938  [restartedMain] TRACE (PropertySourcesPropertyResolver.java:78) - Searching for key 'trace' in [applicationConfigurationProperties]
[2016-12-23 13:44:35,024] 938  [restartedMain] TRACE (PropertySourcesPropertyResolver.java:78) - Searching for key 'trace' in [refresh]
[2016-12-23 13:44:35,024] 938  [restartedMain] DEBUG (PropertySourcesPropertyResolver.java:91) - Could not find key 'trace' in any property source
[2016-12-23 13:44:35,025] 939  [restartedMain] TRACE (PropertySourcesPropertyResolver.java:78) - Searching for key 'logging.config' in [servletConfigInitParams]
[2016-12-23 13:44:35,026] 940  [restartedMain] TRACE (PropertySourcesPropertyResolver.java:78) - Searching for key 'logging.config' in [servletContextInitParams]
[2016-12-23 13:44:35,026] 940  [restartedMain] TRACE (PropertySourcesPropertyResolver.java:78) - Searching for key 'logging.config' in [systemProperties]
[2016-12-23 13:44:35,026] 940  [restartedMain] TRACE (PropertySourcesPropertyResolver.java:78) - Searching for key 'logging.config' in [systemEnvironment]
[2016-12-23 13:44:35,027] 941  [restartedMain] TRACE (PropertySourcesPropertyResolver.java:78) - Searching for key 'logging.config' in [random]
[2016-12-23 13:44:35,027] 941  [restartedMain] TRACE (PropertySourcesPropertyResolver.java:78) - Searching for key 'logging.config' in [applicationConfigurationProperties]
[2016-12-23 13:44:35,027] 941  [restartedMain] DEBUG (PropertySourcesPropertyResolver.java:151) - Found key 'logging.config' in [applicationConfigurationProperties] with type [String]
[2016-12-23 13:44:35,060] 974  [restartedMain] ERROR (SpringApplicationRunListeners.java:86) - Error handling failed
java.lang.NullPointerException
	at org.springframework.boot.context.event.EventPublishingRunListener.finished(EventPublishingRunListener.java:93)
	at org.springframework.boot.SpringApplicationRunListeners.callFinishedListener(SpringApplicationRunListeners.java:79)
	at org.springframework.boot.SpringApplicationRunListeners.finished(SpringApplicationRunListeners.java:72)
	at org.springframework.boot.SpringApplication.handleRunFailure(SpringApplication.java:813)
	at org.springframework.boot.SpringApplication.run(SpringApplication.java:326)
	at org.springframework.boot.SpringApplication.run(SpringApplication.java:1186)
	at org.springframework.boot.SpringApplication.run(SpringApplication.java:1175)
	at trainSimulator.BootApplication.main(BootApplication.java:23)
	at sun.reflect.NativeMethodAccessorImpl.invoke0(Native Method)
	at sun.reflect.NativeMethodAccessorImpl.invoke(NativeMethodAccessorImpl.java:62)
	at sun.reflect.DelegatingMethodAccessorImpl.invoke(DelegatingMethodAccessorImpl.java:43)
	at java.lang.reflect.Method.invoke(Method.java:498)
	at org.springframework.boot.devtools.restart.RestartLauncher.run(RestartLauncher.java:49)
[2016-12-23 13:44:35,063] 977  [restartedMain] ERROR (SpringApplication.java:839) - Application startup failed
java.lang.NoSuchMethodError: org.apache.logging.log4j.core.config.ConfigurationFactory.getConfiguration(Lorg/apache/logging/log4j/core/config/ConfigurationSource;)Lorg/apache/logging/log4j/core/config/Configuration;
	at org.springframework.boot.logging.log4j2.Log4J2LoggingSystem.loadConfiguration(Log4J2LoggingSystem.java:176)
	at org.springframework.boot.logging.log4j2.Log4J2LoggingSystem.loadConfiguration(Log4J2LoggingSystem.java:167)
	at org.springframework.boot.logging.AbstractLoggingSystem.initializeWithSpecificConfig(AbstractLoggingSystem.java:57)
	at org.springframework.boot.logging.AbstractLoggingSystem.initialize(AbstractLoggingSystem.java:47)
	at org.springframework.boot.logging.log4j2.Log4J2LoggingSystem.initialize(Log4J2LoggingSystem.java:148)
	at org.springframework.boot.logging.LoggingApplicationListener.initializeSystem(LoggingApplicationListener.java:304)
	at org.springframework.boot.logging.LoggingApplicationListener.initialize(LoggingApplicationListener.java:272)
	at org.springframework.boot.logging.LoggingApplicationListener.onApplicationEnvironmentPreparedEvent(LoggingApplicationListener.java:235)
	at org.springframework.boot.logging.LoggingApplicationListener.onApplicationEvent(LoggingApplicationListener.java:208)
	at org.springframework.context.event.SimpleApplicationEventMulticaster.invokeListener(SimpleApplicationEventMulticaster.java:166)
	at org.springframework.context.event.SimpleApplicationEventMulticaster.multicastEvent(SimpleApplicationEventMulticaster.java:138)
	at org.springframework.context.event.SimpleApplicationEventMulticaster.multicastEvent(SimpleApplicationEventMulticaster.java:121)
	at org.springframework.boot.context.event.EventPublishingRunListener.environmentPrepared(EventPublishingRunListener.java:68)
	at org.springframework.boot.SpringApplicationRunListeners.environmentPrepared(SpringApplicationRunListeners.java:54)
	at org.springframework.boot.SpringApplication.prepareEnvironment(SpringApplication.java:337)
	at org.springframework.boot.SpringApplication.run(SpringApplication.java:308)
	at org.springframework.boot.SpringApplication.run(SpringApplication.java:1186)
	at org.springframework.boot.SpringApplication.run(SpringApplication.java:1175)
	at trainSimulator.BootApplication.main(BootApplication.java:23)
	at sun.reflect.NativeMethodAccessorImpl.invoke0(Native Method)
	at sun.reflect.NativeMethodAccessorImpl.invoke(NativeMethodAccessorImpl.java:62)
	at sun.reflect.DelegatingMethodAccessorImpl.invoke(DelegatingMethodAccessorImpl.java:43)
	at java.lang.reflect.Method.invoke(Method.java:498)
	at org.springframework.boot.devtools.restart.RestartLauncher.run(RestartLauncher.java:49)
